P00698
P61769
P00918
P00720
P11838
P00760
P24941
P00734
P56817
P06746
P04439
O60885
P42212
P02766
Q5SLP8
P17291
Q6PJP8
P32379
Q5SJ76
O95696
P21242
P21243
P23638
P23639
P40302
P40303
P02185
P80371
P80380
Q5SHP2
P80373
P80376
P80377
Q5SHQ5
P0DOY6
P22141
P23724
P25451
P30656
P30657
P38624
P80372
Q5SHN7
Q5SJH3
P0DOY7
Q5SIH3
P03366
P80374
Q5SLQ0
Q5SHN3
P07900
Q15596
P25043
P03372
P61823
P01887
P00644
P69905
P0AEX9
P29476
Q6B0I6
P68871
P01308
P18031
Q9UIF8
P68431
P12497
Q16539
P19491
P37231
P04585
P00489
Q15788
P0CG48
P01889
P22629
P61626
P80340
P00533
P00800
P62805
P60438
P20434
P20436
P04637
P20435
P22139
P60624
P68919
P0ADZ0
P40422
P00431
P0A7L8
P0ABE7
P60493
P02413
P0A7M6
P60422
Q5SHP3
Q5SHQ6
