Lysozyme C,
Beta-2-microglobulin,
Carbonic anhydrase 2,
Endolysin {ECO:0000255|HAMAP-Rule:MF_04110},
Endothiapepsin,
Cationic trypsin,
Cyclin-dependent kinase 2,
Prothrombin,
Beta-secretase 1 {ECO:0000305},
DNA polymerase beta,
HLA class I histocompatibility antigen A alpha chain,
Bromodomain-containing protein 4,
Green fluorescent protein,
Transthyretin,
30S ribosomal protein S6,
30S ribosomal protein S7,
DNA cross-link repair 1A protein,
Proteasome subunit alpha type-5,
30S ribosomal protein S15 {ECO:0000255|HAMAP-Rule:MF_01343},
Bromodomain-containing protein 1,
Probable proteasome subunit alpha type-7,
Proteasome subunit alpha type-1,
Proteasome subunit alpha type-3,
Proteasome subunit alpha type-2,
Proteasome subunit alpha type-6,
Proteasome subunit alpha type-4,
Myoglobin,
30S ribosomal protein S2,
30S ribosomal protein S20,
